<?xml version="1.0" encoding="UTF-8"?>
<!-- Generated by org.testng.reporters.JUnitReportReporter -->
<testsuite hostname="Luvi" failures="0" tests="1" name="testcases.RegisterTest" time="5.838" errors="0" timestamp="13 Jun 2021 13:26:54 GMT" skipped="0">
  <testcase classname="testcases.RegisterTest" name="register" time="5.838"/>
</testsuite> <!-- testcases.RegisterTest -->
