<?xml version="1.0" encoding="UTF-8"?>
<!-- Generated by org.testng.reporters.JUnitReportReporter -->
<testsuite hostname="Luvi" failures="0" tests="5" name="testcases.MyAccountTest" time="128.221" errors="0" timestamp="13 Jun 2021 13:26:54 GMT" skipped="0">
  <testcase classname="testcases.MyAccountTest" name="verifyTitle" time="0.023"/>
  <testcase classname="testcases.MyAccountTest" name="myaccount" time="8.085"/>
  <testcase classname="testcases.MyAccountTest" name="login" time="12.617"/>
  <testcase classname="testcases.MyAccountTest" name="addToCart" time="103.289"/>
  <testcase classname="testcases.MyAccountTest" name="logout" time="4.207"/>
</testsuite> <!-- testcases.MyAccountTest -->
